<?xml version="1.0" encoding="UTF-8"?>
<testsuite xmlns:xsi="http://www.w3.org/2001/XMLSchema-instance" xsi:noNamespaceSchemaLocation="https://maven.apache.org/surefire/maven-surefire-plugin/xsd/surefire-test-report.xsd" name="com.github.pnavais.machine.core.StateMachineTest" time="0.024" tests="6" errors="0" skipped="0" failures="0">
  <properties>
[...]
</properties>
  <testcase name="testStateMachineRemoveStateCascade" classname="com.github.pnavais.machine.core.StateMachineTest" time="0.013"/>
  <testcase name="testStateMachineOverrideTransitionOnAdd" classname="com.github.pnavais.machine.core.StateMachineTest" time="0.002"/>
  <testcase name="testStateMachineFindTransition" classname="com.github.pnavais.machine.core.StateMachineTest" time="0.002"/>
  <testcase name="testStateMachineRemoveState" classname="com.github.pnavais.machine.core.StateMachineTest" time="0.001"/>
  <testcase name="testStateMachineDuplicateAdd" classname="com.github.pnavais.machine.core.StateMachineTest" time="0.001"/>
  <testcase name="testStateMachineAdd" classname="com.github.pnavais.machine.core.StateMachineTest" time="0"/>
</testsuite>